<?xml version="1.0" encoding="UTF-8"?>
<testsuite xmlns:xsi="http://www.w3.org/2001/XMLSchema-instance" xsi:noNamespaceSchemaLocation="https://maven.apache.org/surefire/maven-surefire-plugin/xsd/surefire-test-report.xsd" name="org.panta.AppTest" time="0.002" tests="1" errors="0" skipped="0" failures="0">
  <properties>
    <property name="sun.desktop" value="windows"/>
    <property name="awt.toolkit" value="sun.awt.windows.WToolkit"/>
    <property name="file.encoding.pkg" value="sun.io"/>
    <property name="java.specification.version" value="1.8"/>
    <property name="sun.cpu.isalist" value="amd64"/>
    <property name="sun.jnu.encoding" value="GBK"/>
    <property name="java.class.path" value="D:\IdeaProjects\Cloud\Cloud_Panta\CloudCommon\target\test-classes;D:\IdeaProjects\Cloud\Cloud_Panta\CloudCommon\target\classes;D:\Yooli\mavencangku\junit\junit\3.8.1\junit-3.8.1.jar;D:\Yooli\mavencangku\com\fasterxml\jackson\core\jackson-databind\2.9.8\jackson-databind-2.9.8.jar;D:\Yooli\mavencangku\com\fasterxml\jackson\core\jackson-annotations\2.9.0\jackson-annotations-2.9.0.jar;D:\Yooli\mavencangku\com\fasterxml\jackson\core\jackson-core\2.9.8\jackson-core-2.9.8.jar;"/>
    <property name="java.vm.vendor" value="Oracle Corporation"/>
    <property name="sun.arch.data.model" value="64"/>
    <property name="user.variant" value=""/>
    <property name="java.vendor.url" value="http://java.oracle.com/"/>
    <property name="user.timezone" value="Asia/Shanghai"/>
    <property name="java.vm.specification.version" value="1.8"/>
    <property name="os.name" value="Windows 10"/>
    <property name="user.country" value="CN"/>
    <property name="sun.java.launcher" value="SUN_STANDARD"/>
    <property name="sun.boot.library.path" value="D:\Java\jdk1.8.0_231\jre\bin"/>
    <property name="sun.java.command" value="C:\Users\PANTA~1\AppData\Local\Temp\surefire4763061027179453274\surefirebooter7920341692905561572.jar C:\Users\Panta·猫\AppData\Local\Temp\surefire4763061027179453274 2023-06-20T17-29-51_063-jvmRun1 surefire7662597947995670508tmp surefire_04701815147005241668tmp"/>
    <property name="surefire.test.class.path" value="D:\IdeaProjects\Cloud\Cloud_Panta\CloudCommon\target\test-classes;D:\IdeaProjects\Cloud\Cloud_Panta\CloudCommon\target\classes;D:\Yooli\mavencangku\junit\junit\3.8.1\junit-3.8.1.jar;D:\Yooli\mavencangku\com\fasterxml\jackson\core\jackson-databind\2.9.8\jackson-databind-2.9.8.jar;D:\Yooli\mavencangku\com\fasterxml\jackson\core\jackson-annotations\2.9.0\jackson-annotations-2.9.0.jar;D:\Yooli\mavencangku\com\fasterxml\jackson\core\jackson-core\2.9.8\jackson-core-2.9.8.jar;"/>
    <property name="sun.cpu.endian" value="little"/>
    <property name="user.home" value="C:\Users\Panta·猫"/>
    <property name="user.language" value="zh"/>
    <property name="java.specification.vendor" value="Oracle Corporation"/>
    <property name="java.home" value="D:\Java\jdk1.8.0_231\jre"/>
    <property name="basedir" value="D:\IdeaProjects\Cloud\Cloud_Panta\CloudCommon"/>
    <property name="file.separator" value="\"/>
    <property name="line.separator" value="&#10;"/>
    <property name="java.vm.specification.vendor" value="Oracle Corporation"/>
    <property name="java.specification.name" value="Java Platform API Specification"/>
    <property name="java.awt.graphicsenv" value="sun.awt.Win32GraphicsEnvironment"/>
    <property name="surefire.real.class.path" value="C:\Users\PANTA~1\AppData\Local\Temp\surefire4763061027179453274\surefirebooter7920341692905561572.jar"/>
    <property name="sun.boot.class.path" value="D:\Java\jdk1.8.0_231\jre\lib\resources.jar;D:\Java\jdk1.8.0_231\jre\lib\rt.jar;D:\Java\jdk1.8.0_231\jre\lib\sunrsasign.jar;D:\Java\jdk1.8.0_231\jre\lib\jsse.jar;D:\Java\jdk1.8.0_231\jre\lib\jce.jar;D:\Java\jdk1.8.0_231\jre\lib\charsets.jar;D:\Java\jdk1.8.0_231\jre\lib\jfr.jar;D:\Java\jdk1.8.0_231\jre\classes"/>
    <property name="user.script" value=""/>
    <property name="sun.management.compiler" value="HotSpot 64-Bit Tiered Compilers"/>
    <property name="java.runtime.version" value="1.8.0_231-b11"/>
    <property name="user.name" value="Panta·猫"/>
    <property name="path.separator" value=";"/>
    <property name="os.version" value="10.0"/>
    <property name="java.endorsed.dirs" value="D:\Java\jdk1.8.0_231\jre\lib\endorsed"/>
    <property name="java.runtime.name" value="Java(TM) SE Runtime Environment"/>
    <property name="file.encoding" value="GBK"/>
    <property name="java.vm.name" value="Java HotSpot(TM) 64-Bit Server VM"/>
    <property name="localRepository" value="D:\Yooli\mavencangku"/>
    <property name="java.vendor.url.bug" value="http://bugreport.sun.com/bugreport/"/>
    <property name="java.io.tmpdir" value="C:\Users\PANTA~1\AppData\Local\Temp\"/>
    <property name="idea.version" value="2020.3.4"/>
    <property name="java.version" value="1.8.0_231"/>
    <property name="user.dir" value="D:\IdeaProjects\Cloud\Cloud_Panta\CloudCommon"/>
    <property name="os.arch" value="amd64"/>
    <property name="java.vm.specification.name" value="Java Virtual Machine Specification"/>
    <property name="java.awt.printerjob" value="sun.awt.windows.WPrinterJob"/>
    <property name="sun.os.patch.level" value=""/>
    <property name="java.library.path" value="D:\Java\jdk1.8.0_231\jre\bin;C:\WINDOWS\Sun\Java\bin;C:\WINDOWS\system32;C:\WINDOWS;D:\Oracle\WINDOWS.X64_213000_db_home\bin;D:\Oracle\product\21c\dbhomeXE\bin;D:\a_kaifahuanjing\e_bushu\VMware\VMware Workstation\bin\;C:\ProgramData\Oracle\Java\javapath;C:\Program Files (x86)\Common Files\Oracle\Java\javapath;C:\WINDOWS\system32;C:\WINDOWS;C:\WINDOWS\System32\Wbem;C:\WINDOWS\System32\WindowsPowerShell\v1.0\;C:\WINDOWS\System32\OpenSSH\;D:\Git\cmd;%JAVA_HOME%\bin;%JAVA_HOME%\jre\bin;D:\a_kaifahuanjing\e_bushu\NetSarang\Xftp 7\;D:\a_kaifahuanjing\a_huanjingbixu\TortoiseSVN\bin;D:\a_kaifahuanjing\a_huanjingbixu\node-v14.15.5-win-x64;D:\a_kaifahuanjing\a_huanjingbixu\node-v14.15.5-win-x64\node_global;;E:\LenovoSoftstore\Install\IDM Computer Solutions\UltraEdit;C:\Program Files\MySQL\MySQL Shell 8.0\bin\;C:\Users\Panta·猫\AppData\Local\Microsoft\WindowsApps;C:\Users\Panta·猫\AppData\Local\GitHubDesktop\bin;D:\Java\jdk1.8.0_231\jre\bin;D:\Java\jdk1.8.0_231\bin;D:\Yooli\apache-maven-3.6.0\bin;%IntelliJ IDEA%;C:\Users\Panta·猫\AppData\Local\Programs\EmEditor;;."/>
    <property name="java.vm.info" value="mixed mode"/>
    <property name="java.vendor" value="Oracle Corporation"/>
    <property name="java.vm.version" value="25.231-b11"/>
    <property name="java.ext.dirs" value="D:\Java\jdk1.8.0_231\jre\lib\ext;C:\WINDOWS\Sun\Java\lib\ext"/>
    <property name="sun.io.unicode.encoding" value="UnicodeLittle"/>
    <property name="maven.repo.local" value="D:\Yooli\mavencangku"/>
    <property name="java.class.version" value="52.0"/>
  </properties>
  <testcase name="testApp" classname="org.panta.AppTest" time="0"/>
</testsuite>